mode: atomic
github.com/cloudfoundry-incubator/runtime-schema/bbs/bbs.go:54.88,76.2 1 61
github.com/cloudfoundry-incubator/runtime-schema/bbs/bbs_test_helpers.go:9.63,12.2 2 4
github.com/cloudfoundry-incubator/runtime-schema/bbs/bbs_test_helpers.go:14.63,17.2 2 1
github.com/cloudfoundry-incubator/runtime-schema/bbs/bbs_test_helpers.go:19.64,22.2 2 1
github.com/cloudfoundry-incubator/runtime-schema/bbs/bbs_test_helpers.go:24.65,27.2 2 1
github.com/cloudfoundry-incubator/runtime-schema/bbs/bbs_test_helpers.go:29.54,31.42 2 4
github.com/cloudfoundry-incubator/runtime-schema/bbs/bbs_test_helpers.go:37.2,39.40 2 2
github.com/cloudfoundry-incubator/runtime-schema/bbs/bbs_test_helpers.go:43.2,43.23 1 2
github.com/cloudfoundry-incubator/runtime-schema/bbs/bbs_test_helpers.go:31.42,33.3 1 2
github.com/cloudfoundry-incubator/runtime-schema/bbs/bbs_test_helpers.go:33.4,33.23 1 2
github.com/cloudfoundry-incubator/runtime-schema/bbs/bbs_test_helpers.go:33.23,35.3 1 0
github.com/cloudfoundry-incubator/runtime-schema/bbs/bbs_test_helpers.go:39.40,41.3 1 4
github.com/cloudfoundry-incubator/runtime-schema/bbs/bbs_test_helpers.go:46.77,48.29 2 0
github.com/cloudfoundry-incubator/runtime-schema/bbs/bbs_test_helpers.go:48.29,50.3 1 0
github.com/cloudfoundry-incubator/runtime-schema/bbs/bbs_test_helpers.go:53.79,55.30 2 7
github.com/cloudfoundry-incubator/runtime-schema/bbs/bbs_test_helpers.go:60.2,60.15 1 7
github.com/cloudfoundry-incubator/runtime-schema/bbs/bbs_test_helpers.go:55.30,56.27 1 7
github.com/cloudfoundry-incubator/runtime-schema/bbs/bbs_test_helpers.go:56.27,58.4 1 7
github.com/cloudfoundry-incubator/runtime-schema/bbs/executor_bbs.go:17.134,21.2 3 8
github.com/cloudfoundry-incubator/runtime-schema/bbs/executor_bbs.go:23.97,25.2 1 14
github.com/cloudfoundry-incubator/runtime-schema/bbs/executor_bbs.go:30.80,38.54 5 30
github.com/cloudfoundry-incubator/runtime-schema/bbs/executor_bbs.go:38.54,46.3 1 31
github.com/cloudfoundry-incubator/runtime-schema/bbs/executor_bbs.go:52.85,60.54 5 23
github.com/cloudfoundry-incubator/runtime-schema/bbs/executor_bbs.go:60.54,68.3 1 24
github.com/cloudfoundry-incubator/runtime-schema/bbs/executor_bbs.go:75.114,85.54 7 16
github.com/cloudfoundry-incubator/runtime-schema/bbs/executor_bbs.go:85.54,93.3 1 17
github.com/cloudfoundry-incubator/runtime-schema/bbs/executor_bbs.go:104.66,106.16 2 11
github.com/cloudfoundry-incubator/runtime-schema/bbs/executor_bbs.go:110.2,111.42 2 11
github.com/cloudfoundry-incubator/runtime-schema/bbs/executor_bbs.go:117.2,118.53 2 11
github.com/cloudfoundry-incubator/runtime-schema/bbs/executor_bbs.go:124.2,128.55 4 11
github.com/cloudfoundry-incubator/runtime-schema/bbs/executor_bbs.go:135.2,135.44 1 11
github.com/cloudfoundry-incubator/runtime-schema/bbs/executor_bbs.go:184.2,185.36 2 11
github.com/cloudfoundry-incubator/runtime-schema/bbs/executor_bbs.go:106.16,108.3 1 0
github.com/cloudfoundry-incubator/runtime-schema/bbs/executor_bbs.go:111.42,113.3 1 8
github.com/cloudfoundry-incubator/runtime-schema/bbs/executor_bbs.go:113.4,113.23 1 3
github.com/cloudfoundry-incubator/runtime-schema/bbs/executor_bbs.go:113.23,115.3 1 0
github.com/cloudfoundry-incubator/runtime-schema/bbs/executor_bbs.go:118.53,122.3 1 5
github.com/cloudfoundry-incubator/runtime-schema/bbs/executor_bbs.go:128.55,133.3 1 7
github.com/cloudfoundry-incubator/runtime-schema/bbs/executor_bbs.go:135.44,137.17 2 11
github.com/cloudfoundry-incubator/runtime-schema/bbs/executor_bbs.go:146.3,146.21 1 10
github.com/cloudfoundry-incubator/runtime-schema/bbs/executor_bbs.go:137.17,143.12 3 1
github.com/cloudfoundry-incubator/runtime-schema/bbs/executor_bbs.go:147.3,148.50 1 2
github.com/cloudfoundry-incubator/runtime-schema/bbs/executor_bbs.go:154.3,158.24 3 3
github.com/cloudfoundry-incubator/runtime-schema/bbs/executor_bbs.go:165.3,168.24 2 2
github.com/cloudfoundry-incubator/runtime-schema/bbs/executor_bbs.go:172.3,173.30 1 1
github.com/cloudfoundry-incubator/runtime-schema/bbs/executor_bbs.go:174.3,177.24 2 2
github.com/cloudfoundry-incubator/runtime-schema/bbs/executor_bbs.go:148.50,151.5 2 1
github.com/cloudfoundry-incubator/runtime-schema/bbs/executor_bbs.go:151.6,153.5 1 1
github.com/cloudfoundry-incubator/runtime-schema/bbs/executor_bbs.go:158.24,161.5 2 1
github.com/cloudfoundry-incubator/runtime-schema/bbs/executor_bbs.go:161.6,161.29 1 2
github.com/cloudfoundry-incubator/runtime-schema/bbs/executor_bbs.go:161.29,164.5 2 1
github.com/cloudfoundry-incubator/runtime-schema/bbs/executor_bbs.go:168.24,171.5 2 1
github.com/cloudfoundry-incubator/runtime-schema/bbs/executor_bbs.go:177.24,180.5 2 1
github.com/cloudfoundry-incubator/runtime-schema/bbs/executor_bbs.go:188.103,191.38 2 11
github.com/cloudfoundry-incubator/runtime-schema/bbs/executor_bbs.go:214.2,214.27 1 11
github.com/cloudfoundry-incubator/runtime-schema/bbs/executor_bbs.go:191.38,203.13 4 7
github.com/cloudfoundry-incubator/runtime-schema/bbs/executor_bbs.go:203.13,205.18 2 7
github.com/cloudfoundry-incubator/runtime-schema/bbs/executor_bbs.go:210.4,210.22 1 7
github.com/cloudfoundry-incubator/runtime-schema/bbs/executor_bbs.go:205.18,209.5 1 0
github.com/cloudfoundry-incubator/runtime-schema/bbs/executor_bbs.go:214.27,216.3 1 7
github.com/cloudfoundry-incubator/runtime-schema/bbs/executor_bbs.go:219.66,224.2 4 3
github.com/cloudfoundry-incubator/runtime-schema/bbs/executor_bbs.go:226.52,231.2 4 1
github.com/cloudfoundry-incubator/runtime-schema/bbs/executor_bbs.go:233.54,236.2 2 1
github.com/cloudfoundry-incubator/runtime-schema/bbs/executor_bbs.go:238.129,244.2 1 6
github.com/cloudfoundry-incubator/runtime-schema/bbs/file_server_bbs.go:17.54,19.2 1 4
github.com/cloudfoundry-incubator/runtime-schema/bbs/file_server_bbs.go:21.162,26.2 4 4
github.com/cloudfoundry-incubator/runtime-schema/bbs/file_server_bbs.go:28.65,30.16 2 12
github.com/cloudfoundry-incubator/runtime-schema/bbs/file_server_bbs.go:34.2,34.31 1 11
github.com/cloudfoundry-incubator/runtime-schema/bbs/file_server_bbs.go:38.2,39.62 2 11
github.com/cloudfoundry-incubator/runtime-schema/bbs/file_server_bbs.go:30.16,32.3 1 1
github.com/cloudfoundry-incubator/runtime-schema/bbs/file_server_bbs.go:34.31,36.3 1 0
github.com/cloudfoundry-incubator/runtime-schema/bbs/metrics_bbs.go:19.62,21.42 2 7
github.com/cloudfoundry-incubator/runtime-schema/bbs/metrics_bbs.go:25.2,25.16 1 7
github.com/cloudfoundry-incubator/runtime-schema/bbs/metrics_bbs.go:29.2,30.39 2 7
github.com/cloudfoundry-incubator/runtime-schema/bbs/metrics_bbs.go:39.2,39.19 1 7
github.com/cloudfoundry-incubator/runtime-schema/bbs/metrics_bbs.go:21.42,23.3 1 0
github.com/cloudfoundry-incubator/runtime-schema/bbs/metrics_bbs.go:25.16,27.3 1 0
github.com/cloudfoundry-incubator/runtime-schema/bbs/metrics_bbs.go:30.39,32.17 2 7
github.com/cloudfoundry-incubator/runtime-schema/bbs/metrics_bbs.go:32.17,34.4 1 0
github.com/cloudfoundry-incubator/runtime-schema/bbs/metrics_bbs.go:34.5,36.4 1 7
github.com/cloudfoundry-incubator/runtime-schema/bbs/metrics_bbs.go:42.87,45.42 2 5
github.com/cloudfoundry-incubator/runtime-schema/bbs/metrics_bbs.go:53.2,53.27 1 5
github.com/cloudfoundry-incubator/runtime-schema/bbs/metrics_bbs.go:45.42,47.17 2 10
github.com/cloudfoundry-incubator/runtime-schema/bbs/metrics_bbs.go:50.3,50.65 1 10
github.com/cloudfoundry-incubator/runtime-schema/bbs/metrics_bbs.go:47.17,49.4 1 0
github.com/cloudfoundry-incubator/runtime-schema/bbs/metrics_bbs.go:56.102,60.42 3 10
github.com/cloudfoundry-incubator/runtime-schema/bbs/metrics_bbs.go:66.2,66.43 1 6
github.com/cloudfoundry-incubator/runtime-schema/bbs/metrics_bbs.go:75.2,75.27 1 6
github.com/cloudfoundry-incubator/runtime-schema/bbs/metrics_bbs.go:60.42,62.3 1 4
github.com/cloudfoundry-incubator/runtime-schema/bbs/metrics_bbs.go:62.4,62.23 1 6
github.com/cloudfoundry-incubator/runtime-schema/bbs/metrics_bbs.go:62.23,64.3 1 0
github.com/cloudfoundry-incubator/runtime-schema/bbs/metrics_bbs.go:66.43,73.3 2 9
github.com/cloudfoundry-incubator/runtime-schema/bbs/presence.go:21.86,27.2 1 17
github.com/cloudfoundry-incubator/runtime-schema/bbs/presence.go:29.74,30.22 1 18
github.com/cloudfoundry-incubator/runtime-schema/bbs/presence.go:34.2,40.16 2 17
github.com/cloudfoundry-incubator/runtime-schema/bbs/presence.go:44.2,46.20 2 17
github.com/cloudfoundry-incubator/runtime-schema/bbs/presence.go:30.22,32.3 1 1
github.com/cloudfoundry-incubator/runtime-schema/bbs/presence.go:40.16,42.3 1 0
github.com/cloudfoundry-incubator/runtime-schema/bbs/presence.go:49.29,50.22 1 19
github.com/cloudfoundry-incubator/runtime-schema/bbs/presence.go:54.2,60.20 5 17
github.com/cloudfoundry-incubator/runtime-schema/bbs/presence.go:50.22,52.3 1 2
github.com/cloudfoundry-incubator/runtime-schema/bbs/stager_bbs.go:14.94,16.2 1 14
github.com/cloudfoundry-incubator/runtime-schema/bbs/stager_bbs.go:21.57,22.54 1 46
github.com/cloudfoundry-incubator/runtime-schema/bbs/stager_bbs.go:22.54,23.26 1 47
github.com/cloudfoundry-incubator/runtime-schema/bbs/stager_bbs.go:26.3,33.5 3 47
github.com/cloudfoundry-incubator/runtime-schema/bbs/stager_bbs.go:23.26,25.4 1 34
github.com/cloudfoundry-incubator/runtime-schema/bbs/stager_bbs.go:37.60,43.54 4 9
github.com/cloudfoundry-incubator/runtime-schema/bbs/stager_bbs.go:43.54,51.3 1 9
github.com/cloudfoundry-incubator/runtime-schema/bbs/stager_bbs.go:57.58,58.54 1 4
github.com/cloudfoundry-incubator/runtime-schema/bbs/stager_bbs.go:58.54,60.3 1 5
github.com/cloudfoundry-incubator/runtime-schema/bbs/task_bbs.go:16.47,18.2 1 228
github.com/cloudfoundry-incubator/runtime-schema/bbs/task_bbs.go:20.51,22.2 1 8
github.com/cloudfoundry-incubator/runtime-schema/bbs/task_bbs.go:24.45,26.2 1 6
github.com/cloudfoundry-incubator/runtime-schema/bbs/task_bbs.go:28.67,29.6 1 128
github.com/cloudfoundry-incubator/runtime-schema/bbs/task_bbs.go:29.6,32.39 2 133
github.com/cloudfoundry-incubator/runtime-schema/bbs/task_bbs.go:37.3,37.13 1 128
github.com/cloudfoundry-incubator/runtime-schema/bbs/task_bbs.go:32.39,34.12 2 5
github.com/cloudfoundry-incubator/runtime-schema/bbs/task_bbs.go:41.145,48.12 5 28
github.com/cloudfoundry-incubator/runtime-schema/bbs/task_bbs.go:83.2,83.36 1 28
github.com/cloudfoundry-incubator/runtime-schema/bbs/task_bbs.go:48.12,52.7 3 28
github.com/cloudfoundry-incubator/runtime-schema/bbs/task_bbs.go:52.7,53.11 1 64
github.com/cloudfoundry-incubator/runtime-schema/bbs/task_bbs.go:54.4,56.11 2 2
github.com/cloudfoundry-incubator/runtime-schema/bbs/task_bbs.go:58.4,59.12 1 36
github.com/cloudfoundry-incubator/runtime-schema/bbs/task_bbs.go:62.5,62.23 1 36
github.com/cloudfoundry-incubator/runtime-schema/bbs/task_bbs.go:74.4,75.11 1 26
github.com/cloudfoundry-incubator/runtime-schema/bbs/task_bbs.go:78.5,78.11 1 0
github.com/cloudfoundry-incubator/runtime-schema/bbs/task_bbs.go:59.12,61.6 1 0
github.com/cloudfoundry-incubator/runtime-schema/bbs/task_bbs.go:63.5,65.20 2 34
github.com/cloudfoundry-incubator/runtime-schema/bbs/task_bbs.go:69.6,69.29 1 34
github.com/cloudfoundry-incubator/runtime-schema/bbs/task_bbs.go:65.20,66.15 1 0
github.com/cloudfoundry-incubator/runtime-schema/bbs/task_bbs.go:69.29,71.7 1 14
github.com/cloudfoundry-incubator/runtime-schema/bbs/task_bbs.go:75.11,77.6 1 26
