mode: atomic
github.com/cloudfoundry-incubator/garden/client/connection/connection.go:71.38,73.2 1 0
github.com/cloudfoundry-incubator/garden/client/connection/connection.go:75.46,76.51 1 27
github.com/cloudfoundry-incubator/garden/client/connection/connection.go:80.2,94.3 1 27
github.com/cloudfoundry-incubator/garden/client/connection/connection.go:76.51,78.3 1 28
github.com/cloudfoundry-incubator/garden/client/connection/connection.go:97.35,99.2 1 2
github.com/cloudfoundry-incubator/garden/client/connection/connection.go:101.58,105.16 3 2
github.com/cloudfoundry-incubator/garden/client/connection/connection.go:109.2,113.8 1 1
github.com/cloudfoundry-incubator/garden/client/connection/connection.go:105.16,107.3 1 1
github.com/cloudfoundry-incubator/garden/client/connection/connection.go:116.72,119.23 2 1
github.com/cloudfoundry-incubator/garden/client/connection/connection.go:123.2,123.27 1 1
github.com/cloudfoundry-incubator/garden/client/connection/connection.go:127.2,127.25 1 1
github.com/cloudfoundry-incubator/garden/client/connection/connection.go:131.2,131.24 1 1
github.com/cloudfoundry-incubator/garden/client/connection/connection.go:135.2,135.37 1 1
github.com/cloudfoundry-incubator/garden/client/connection/connection.go:161.2,162.40 2 1
github.com/cloudfoundry-incubator/garden/client/connection/connection.go:169.2,173.16 4 1
github.com/cloudfoundry-incubator/garden/client/connection/connection.go:177.2,177.29 1 1
github.com/cloudfoundry-incubator/garden/client/connection/connection.go:119.23,121.3 1 1
github.com/cloudfoundry-incubator/garden/client/connection/connection.go:123.27,125.3 1 1
github.com/cloudfoundry-incubator/garden/client/connection/connection.go:127.25,129.3 1 1
github.com/cloudfoundry-incubator/garden/client/connection/connection.go:131.24,133.3 1 1
github.com/cloudfoundry-incubator/garden/client/connection/connection.go:135.37,139.18 3 2
github.com/cloudfoundry-incubator/garden/client/connection/connection.go:146.3,146.20 1 2
github.com/cloudfoundry-incubator/garden/client/connection/connection.go:153.3,158.5 1 2
github.com/cloudfoundry-incubator/garden/client/connection/connection.go:140.3,141.46 1 1
github.com/cloudfoundry-incubator/garden/client/connection/connection.go:142.3,143.46 1 1
github.com/cloudfoundry-incubator/garden/client/connection/connection.go:147.3,148.50 1 1
github.com/cloudfoundry-incubator/garden/client/connection/connection.go:149.3,150.55 1 1
github.com/cloudfoundry-incubator/garden/client/connection/connection.go:162.40,167.3 1 1
github.com/cloudfoundry-incubator/garden/client/connection/connection.go:173.16,175.3 1 0
github.com/cloudfoundry-incubator/garden/client/connection/connection.go:180.59,193.2 1 1
github.com/cloudfoundry-incubator/garden/client/connection/connection.go:195.51,205.2 1 1
github.com/cloudfoundry-incubator/garden/client/connection/connection.go:207.111,233.16 3 3
github.com/cloudfoundry-incubator/garden/client/connection/connection.go:237.2,246.16 2 3
github.com/cloudfoundry-incubator/garden/client/connection/connection.go:250.2,254.16 4 3
github.com/cloudfoundry-incubator/garden/client/connection/connection.go:258.2,262.53 3 3
github.com/cloudfoundry-incubator/garden/client/connection/connection.go:233.16,235.3 1 0
github.com/cloudfoundry-incubator/garden/client/connection/connection.go:246.16,248.3 1 0
github.com/cloudfoundry-incubator/garden/client/connection/connection.go:254.16,256.3 1 0
github.com/cloudfoundry-incubator/garden/client/connection/connection.go:265.99,272.16 3 1
github.com/cloudfoundry-incubator/garden/client/connection/connection.go:276.2,287.16 2 1
github.com/cloudfoundry-incubator/garden/client/connection/connection.go:291.2,297.23 4 1
github.com/cloudfoundry-incubator/garden/client/connection/connection.go:272.16,274.3 1 0
github.com/cloudfoundry-incubator/garden/client/connection/connection.go:287.16,289.3 1 0
github.com/cloudfoundry-incubator/garden/client/connection/connection.go:300.99,317.16 3 1
github.com/cloudfoundry-incubator/garden/client/connection/connection.go:321.2,321.55 1 1
github.com/cloudfoundry-incubator/garden/client/connection/connection.go:317.16,319.3 1 0
github.com/cloudfoundry-incubator/garden/client/connection/connection.go:324.79,338.2 1 1
github.com/cloudfoundry-incubator/garden/client/connection/connection.go:340.115,357.16 3 1
github.com/cloudfoundry-incubator/garden/client/connection/connection.go:361.2,364.8 1 1
github.com/cloudfoundry-incubator/garden/client/connection/connection.go:357.16,359.3 1 0
github.com/cloudfoundry-incubator/garden/client/connection/connection.go:367.92,380.16 3 1
github.com/cloudfoundry-incubator/garden/client/connection/connection.go:384.2,387.8 1 1
github.com/cloudfoundry-incubator/garden/client/connection/connection.go:380.16,382.3 1 0
github.com/cloudfoundry-incubator/garden/client/connection/connection.go:390.97,406.16 3 1
github.com/cloudfoundry-incubator/garden/client/connection/connection.go:410.2,412.8 1 1
github.com/cloudfoundry-incubator/garden/client/connection/connection.go:406.16,408.3 1 0
github.com/cloudfoundry-incubator/garden/client/connection/connection.go:415.80,428.16 3 1
github.com/cloudfoundry-incubator/garden/client/connection/connection.go:432.2,434.8 1 1
github.com/cloudfoundry-incubator/garden/client/connection/connection.go:428.16,430.3 1 0
github.com/cloudfoundry-incubator/garden/client/connection/connection.go:437.100,461.16 3 1
github.com/cloudfoundry-incubator/garden/client/connection/connection.go:465.2,474.8 1 1
github.com/cloudfoundry-incubator/garden/client/connection/connection.go:461.16,463.3 1 0
github.com/cloudfoundry-incubator/garden/client/connection/connection.go:477.82,490.16 3 1
github.com/cloudfoundry-incubator/garden/client/connection/connection.go:494.2,503.8 1 1
github.com/cloudfoundry-incubator/garden/client/connection/connection.go:490.16,492.3 1 0
github.com/cloudfoundry-incubator/garden/client/connection/connection.go:506.106,522.16 3 1
github.com/cloudfoundry-incubator/garden/client/connection/connection.go:526.2,528.8 1 1
github.com/cloudfoundry-incubator/garden/client/connection/connection.go:522.16,524.3 1 0
github.com/cloudfoundry-incubator/garden/client/connection/connection.go:531.86,544.16 3 1
github.com/cloudfoundry-incubator/garden/client/connection/connection.go:548.2,550.8 1 1
github.com/cloudfoundry-incubator/garden/client/connection/connection.go:544.16,546.3 1 0
github.com/cloudfoundry-incubator/garden/client/connection/connection.go:553.86,565.16 2 3
github.com/cloudfoundry-incubator/garden/client/connection/connection.go:569.2,569.21 1 1
github.com/cloudfoundry-incubator/garden/client/connection/connection.go:565.16,567.3 1 2
github.com/cloudfoundry-incubator/garden/client/connection/connection.go:572.86,584.2 1 2
github.com/cloudfoundry-incubator/garden/client/connection/connection.go:586.81,588.42 2 1
github.com/cloudfoundry-incubator/garden/client/connection/connection.go:592.2,601.16 3 1
github.com/cloudfoundry-incubator/garden/client/connection/connection.go:605.2,605.30 1 1
github.com/cloudfoundry-incubator/garden/client/connection/connection.go:588.42,590.3 1 1
github.com/cloudfoundry-incubator/garden/client/connection/connection.go:601.16,603.3 1 0
github.com/cloudfoundry-incubator/garden/client/connection/connection.go:608.72,612.16 3 1
github.com/cloudfoundry-incubator/garden/client/connection/connection.go:616.2,617.42 2 1
github.com/cloudfoundry-incubator/garden/client/connection/connection.go:621.2,622.43 2 1
github.com/cloudfoundry-incubator/garden/client/connection/connection.go:626.2,627.47 2 1
github.com/cloudfoundry-incubator/garden/client/connection/connection.go:634.2,702.8 5 1
github.com/cloudfoundry-incubator/garden/client/connection/connection.go:612.16,614.3 1 0
github.com/cloudfoundry-incubator/garden/client/connection/connection.go:617.42,619.3 1 2
github.com/cloudfoundry-incubator/garden/client/connection/connection.go:622.43,624.3 1 1
github.com/cloudfoundry-incubator/garden/client/connection/connection.go:627.47,632.3 1 2
github.com/cloudfoundry-incubator/garden/client/connection/connection.go:705.117,708.43 2 3
github.com/cloudfoundry-incubator/garden/client/connection/connection.go:720.2,720.38 1 3
github.com/cloudfoundry-incubator/garden/client/connection/connection.go:708.43,718.3 2 0
github.com/cloudfoundry-incubator/garden/client/connection/connection.go:723.114,727.6 3 4
github.com/cloudfoundry-incubator/garden/client/connection/connection.go:727.6,731.17 3 8
github.com/cloudfoundry-incubator/garden/client/connection/connection.go:735.3,735.32 1 7
github.com/cloudfoundry-incubator/garden/client/connection/connection.go:731.17,732.9 1 1
github.com/cloudfoundry-incubator/garden/client/connection/connection.go:735.32,740.9 2 2
github.com/cloudfoundry-incubator/garden/client/connection/connection.go:741.5,744.31 2 5
github.com/cloudfoundry-incubator/garden/client/connection/connection.go:753.4,756.5 1 5
github.com/cloudfoundry-incubator/garden/client/connection/connection.go:745.4,746.45 1 1
github.com/cloudfoundry-incubator/garden/client/connection/connection.go:747.4,748.46 1 2
github.com/cloudfoundry-incubator/garden/client/connection/connection.go:749.4,750.46 1 2
github.com/cloudfoundry-incubator/garden/client/connection/connection.go:766.9,769.16 2 19
github.com/cloudfoundry-incubator/garden/client/connection/connection.go:780.2,781.16 2 19
github.com/cloudfoundry-incubator/garden/client/connection/connection.go:785.2,792.16 2 19
github.com/cloudfoundry-incubator/garden/client/connection/connection.go:796.2,798.46 2 17
github.com/cloudfoundry-incubator/garden/client/connection/connection.go:769.16,773.17 3 8
github.com/cloudfoundry-incubator/garden/client/connection/connection.go:777.3,777.13 1 8
github.com/cloudfoundry-incubator/garden/client/connection/connection.go:773.17,775.4 1 0
github.com/cloudfoundry-incubator/garden/client/connection/connection.go:781.16,783.3 1 8
github.com/cloudfoundry-incubator/garden/client/connection/connection.go:792.16,794.3 1 2
github.com/cloudfoundry-incubator/garden/client/connection/connection.go:807.26,809.16 2 28
github.com/cloudfoundry-incubator/garden/client/connection/connection.go:813.2,813.23 1 28
github.com/cloudfoundry-incubator/garden/client/connection/connection.go:817.2,817.18 1 28
github.com/cloudfoundry-incubator/garden/client/connection/connection.go:821.2,822.16 2 28
github.com/cloudfoundry-incubator/garden/client/connection/connection.go:826.2,826.60 1 27
github.com/cloudfoundry-incubator/garden/client/connection/connection.go:831.2,831.27 1 24
github.com/cloudfoundry-incubator/garden/client/connection/connection.go:809.16,811.3 1 0
github.com/cloudfoundry-incubator/garden/client/connection/connection.go:813.23,815.3 1 14
github.com/cloudfoundry-incubator/garden/client/connection/connection.go:817.18,819.3 1 6
github.com/cloudfoundry-incubator/garden/client/connection/connection.go:822.16,824.3 1 1
github.com/cloudfoundry-incubator/garden/client/connection/connection.go:826.60,829.3 2 3
