mode: atomic
github.com/cloudfoundry-incubator/garden/warden/fake_backend/fake_backend.go:42.44,44.2 1 0
github.com/cloudfoundry-incubator/garden/warden/fake_backend/fake_backend.go:46.25,55.2 1 0
github.com/cloudfoundry-incubator/garden/warden/fake_backend/fake_backend.go:57.37,58.25 1 0
github.com/cloudfoundry-incubator/garden/warden/fake_backend/fake_backend.go:62.2,64.12 2 0
github.com/cloudfoundry-incubator/garden/warden/fake_backend/fake_backend.go:58.25,60.3 1 0
github.com/cloudfoundry-incubator/garden/warden/fake_backend/fake_backend.go:67.30,69.2 1 0
github.com/cloudfoundry-incubator/garden/warden/fake_backend/fake_backend.go:71.36,73.2 1 0
github.com/cloudfoundry-incubator/garden/warden/fake_backend/fake_backend.go:75.59,76.28 1 0
github.com/cloudfoundry-incubator/garden/warden/fake_backend/fake_backend.go:80.2,80.30 1 0
github.com/cloudfoundry-incubator/garden/warden/fake_backend/fake_backend.go:76.28,78.3 1 0
github.com/cloudfoundry-incubator/garden/warden/fake_backend/fake_backend.go:83.83,84.26 1 0
github.com/cloudfoundry-incubator/garden/warden/fake_backend/fake_backend.go:88.2,90.27 2 0
github.com/cloudfoundry-incubator/garden/warden/fake_backend/fake_backend.go:96.2,99.27 3 0
github.com/cloudfoundry-incubator/garden/warden/fake_backend/fake_backend.go:103.2,105.23 2 0
github.com/cloudfoundry-incubator/garden/warden/fake_backend/fake_backend.go:84.26,86.3 1 0
github.com/cloudfoundry-incubator/garden/warden/fake_backend/fake_backend.go:90.27,92.3 1 0
github.com/cloudfoundry-incubator/garden/warden/fake_backend/fake_backend.go:92.4,94.3 1 0
github.com/cloudfoundry-incubator/garden/warden/fake_backend/fake_backend.go:99.27,101.3 1 0
github.com/cloudfoundry-incubator/garden/warden/fake_backend/fake_backend.go:108.52,109.27 1 0
github.com/cloudfoundry-incubator/garden/warden/fake_backend/fake_backend.go:113.2,120.12 5 0
github.com/cloudfoundry-incubator/garden/warden/fake_backend/fake_backend.go:109.27,111.3 1 0
github.com/cloudfoundry-incubator/garden/warden/fake_backend/fake_backend.go:123.50,128.2 3 0
github.com/cloudfoundry-incubator/garden/warden/fake_backend/fake_backend.go:130.92,131.30 1 0
github.com/cloudfoundry-incubator/garden/warden/fake_backend/fake_backend.go:135.2,141.40 5 0
github.com/cloudfoundry-incubator/garden/warden/fake_backend/fake_backend.go:147.2,147.24 1 0
github.com/cloudfoundry-incubator/garden/warden/fake_backend/fake_backend.go:131.30,133.3 1 0
github.com/cloudfoundry-incubator/garden/warden/fake_backend/fake_backend.go:141.40,142.44 1 0
github.com/cloudfoundry-incubator/garden/warden/fake_backend/fake_backend.go:142.44,144.4 1 0
github.com/cloudfoundry-incubator/garden/warden/fake_backend/fake_backend.go:150.71,155.12 4 0
github.com/cloudfoundry-incubator/garden/warden/fake_backend/fake_backend.go:159.2,159.23 1 0
github.com/cloudfoundry-incubator/garden/warden/fake_backend/fake_backend.go:155.12,157.3 1 0
github.com/cloudfoundry-incubator/garden/warden/fake_backend/fake_backend.go:162.75,164.2 1 0
github.com/cloudfoundry-incubator/garden/warden/fake_backend/fake_backend.go:166.90,169.35 2 0
github.com/cloudfoundry-incubator/garden/warden/fake_backend/fake_backend.go:180.2,180.13 1 0
github.com/cloudfoundry-incubator/garden/warden/fake_backend/fake_backend.go:169.35,171.10 2 0
github.com/cloudfoundry-incubator/garden/warden/fake_backend/fake_backend.go:175.3,175.18 1 0
github.com/cloudfoundry-incubator/garden/warden/fake_backend/fake_backend.go:171.10,173.4 1 0
github.com/cloudfoundry-incubator/garden/warden/fake_backend/fake_backend.go:175.18,177.4 1 0
github.com/cloudfoundry-incubator/garden/warden/fake_backend/fake_container.go:100.65,102.16 2 0
github.com/cloudfoundry-incubator/garden/warden/fake_backend/fake_container.go:106.2,108.23 2 0
github.com/cloudfoundry-incubator/garden/warden/fake_backend/fake_container.go:112.2,120.3 1 0
github.com/cloudfoundry-incubator/garden/warden/fake_backend/fake_container.go:102.16,104.3 1 0
github.com/cloudfoundry-incubator/garden/warden/fake_backend/fake_container.go:108.23,110.3 1 0
github.com/cloudfoundry-incubator/garden/warden/fake_backend/fake_container.go:123.37,125.2 1 0
github.com/cloudfoundry-incubator/garden/warden/fake_backend/fake_container.go:127.41,129.2 1 0
github.com/cloudfoundry-incubator/garden/warden/fake_backend/fake_container.go:131.56,133.2 1 0
github.com/cloudfoundry-incubator/garden/warden/fake_backend/fake_container.go:135.51,137.2 1 0
github.com/cloudfoundry-incubator/garden/warden/fake_backend/fake_container.go:139.39,140.25 1 0
github.com/cloudfoundry-incubator/garden/warden/fake_backend/fake_container.go:144.2,146.12 2 0
github.com/cloudfoundry-incubator/garden/warden/fake_backend/fake_container.go:140.25,142.3 1 0
github.com/cloudfoundry-incubator/garden/warden/fake_backend/fake_container.go:149.47,150.24 1 0
github.com/cloudfoundry-incubator/garden/warden/fake_backend/fake_container.go:154.2,154.27 1 0
github.com/cloudfoundry-incubator/garden/warden/fake_backend/fake_container.go:160.2,164.12 4 0
github.com/cloudfoundry-incubator/garden/warden/fake_backend/fake_container.go:150.24,152.3 1 0
github.com/cloudfoundry-incubator/garden/warden/fake_backend/fake_container.go:154.27,156.3 1 0
github.com/cloudfoundry-incubator/garden/warden/fake_backend/fake_container.go:167.46,175.2 5 0
github.com/cloudfoundry-incubator/garden/warden/fake_backend/fake_container.go:177.62,178.24 1 0
github.com/cloudfoundry-incubator/garden/warden/fake_backend/fake_container.go:182.2,182.28 1 0
github.com/cloudfoundry-incubator/garden/warden/fake_backend/fake_container.go:178.24,180.3 1 0
github.com/cloudfoundry-incubator/garden/warden/fake_backend/fake_container.go:185.70,187.16 2 0
github.com/cloudfoundry-incubator/garden/warden/fake_backend/fake_container.go:191.2,196.24 2 0
github.com/cloudfoundry-incubator/garden/warden/fake_backend/fake_container.go:187.16,189.3 1 0
github.com/cloudfoundry-incubator/garden/warden/fake_backend/fake_container.go:199.74,202.2 2 0
github.com/cloudfoundry-incubator/garden/warden/fake_backend/fake_container.go:204.77,207.34 2 0
github.com/cloudfoundry-incubator/garden/warden/fake_backend/fake_container.go:211.2,213.12 2 0
github.com/cloudfoundry-incubator/garden/warden/fake_backend/fake_container.go:207.34,209.3 1 0
github.com/cloudfoundry-incubator/garden/warden/fake_backend/fake_container.go:216.82,217.42 1 0
github.com/cloudfoundry-incubator/garden/warden/fake_backend/fake_container.go:221.2,221.44 1 0
github.com/cloudfoundry-incubator/garden/warden/fake_backend/fake_container.go:217.42,219.3 1 0
github.com/cloudfoundry-incubator/garden/warden/fake_backend/fake_container.go:224.67,227.29 2 0
github.com/cloudfoundry-incubator/garden/warden/fake_backend/fake_container.go:231.2,233.12 2 0
github.com/cloudfoundry-incubator/garden/warden/fake_backend/fake_container.go:227.29,229.3 1 0
github.com/cloudfoundry-incubator/garden/warden/fake_backend/fake_container.go:236.72,237.37 1 0
github.com/cloudfoundry-incubator/garden/warden/fake_backend/fake_container.go:241.2,241.39 1 0
github.com/cloudfoundry-incubator/garden/warden/fake_backend/fake_container.go:237.37,239.3 1 0
github.com/cloudfoundry-incubator/garden/warden/fake_backend/fake_container.go:244.71,247.31 2 0
github.com/cloudfoundry-incubator/garden/warden/fake_backend/fake_container.go:251.2,253.12 2 0
github.com/cloudfoundry-incubator/garden/warden/fake_backend/fake_container.go:247.31,249.3 1 0
github.com/cloudfoundry-incubator/garden/warden/fake_backend/fake_container.go:256.76,257.39 1 0
github.com/cloudfoundry-incubator/garden/warden/fake_backend/fake_container.go:261.2,261.41 1 0
github.com/cloudfoundry-incubator/garden/warden/fake_backend/fake_container.go:257.39,259.3 1 0
github.com/cloudfoundry-incubator/garden/warden/fake_backend/fake_container.go:264.65,267.28 2 0
github.com/cloudfoundry-incubator/garden/warden/fake_backend/fake_container.go:271.2,273.12 2 0
github.com/cloudfoundry-incubator/garden/warden/fake_backend/fake_container.go:267.28,269.3 1 0
github.com/cloudfoundry-incubator/garden/warden/fake_backend/fake_container.go:276.70,277.36 1 0
github.com/cloudfoundry-incubator/garden/warden/fake_backend/fake_container.go:281.2,281.38 1 0
github.com/cloudfoundry-incubator/garden/warden/fake_backend/fake_container.go:277.36,279.3 1 0
github.com/cloudfoundry-incubator/garden/warden/fake_backend/fake_container.go:284.99,285.23 1 0
github.com/cloudfoundry-incubator/garden/warden/fake_backend/fake_container.go:289.2,291.49 2 0
github.com/cloudfoundry-incubator/garden/warden/fake_backend/fake_container.go:285.23,287.3 1 0
github.com/cloudfoundry-incubator/garden/warden/fake_backend/fake_container.go:294.87,295.26 1 0
github.com/cloudfoundry-incubator/garden/warden/fake_backend/fake_container.go:299.2,301.29 2 0
github.com/cloudfoundry-incubator/garden/warden/fake_backend/fake_container.go:295.26,297.3 1 0
github.com/cloudfoundry-incubator/garden/warden/fake_backend/fake_container.go:304.94,305.25 1 0
github.com/cloudfoundry-incubator/garden/warden/fake_backend/fake_container.go:309.2,311.37 2 0
github.com/cloudfoundry-incubator/garden/warden/fake_backend/fake_container.go:305.25,307.3 1 0
github.com/cloudfoundry-incubator/garden/warden/fake_backend/fake_container.go:314.67,315.26 1 0
github.com/cloudfoundry-incubator/garden/warden/fake_backend/fake_container.go:319.2,321.12 2 0
github.com/cloudfoundry-incubator/garden/warden/fake_backend/fake_container.go:315.26,317.3 1 0
github.com/cloudfoundry-incubator/garden/warden/fake_backend/fake_container.go:324.35,326.2 1 0
github.com/cloudfoundry-incubator/garden/warden/fake_backend/slow_fake_backend.go:15.52,21.2 1 0
github.com/cloudfoundry-incubator/garden/warden/fake_backend/slow_fake_backend.go:23.87,27.2 2 0
github.com/cloudfoundry-incubator/garden/warden/fake_backend/slow_fake_backend.go:29.75,33.2 2 0
