mode: atomic
github.com/cloudfoundry-incubator/garden/client/client.go:21.51,25.2 1 42
github.com/cloudfoundry-incubator/garden/client/client.go:27.36,29.2 1 0
github.com/cloudfoundry-incubator/garden/client/client.go:31.59,33.2 1 2
github.com/cloudfoundry-incubator/garden/client/client.go:35.83,37.16 2 33
github.com/cloudfoundry-incubator/garden/client/client.go:41.2,41.53 1 32
github.com/cloudfoundry-incubator/garden/client/client.go:37.16,39.3 1 1
github.com/cloudfoundry-incubator/garden/client/client.go:44.92,46.16 2 2
github.com/cloudfoundry-incubator/garden/client/client.go:50.2,51.33 2 1
github.com/cloudfoundry-incubator/garden/client/client.go:55.2,55.24 1 1
github.com/cloudfoundry-incubator/garden/client/client.go:46.16,48.3 1 1
github.com/cloudfoundry-incubator/garden/client/client.go:51.33,53.3 1 2
github.com/cloudfoundry-incubator/garden/client/client.go:58.52,60.2 1 2
github.com/cloudfoundry-incubator/garden/client/client.go:62.71,64.16 2 3
github.com/cloudfoundry-incubator/garden/client/client.go:68.2,68.28 1 2
github.com/cloudfoundry-incubator/garden/client/client.go:74.2,74.59 1 1
github.com/cloudfoundry-incubator/garden/client/client.go:64.16,66.3 1 1
github.com/cloudfoundry-incubator/garden/client/client.go:68.28,69.18 1 2
github.com/cloudfoundry-incubator/garden/client/client.go:69.18,71.4 1 1
github.com/cloudfoundry-incubator/garden/client/container.go:16.85,22.2 1 35
github.com/cloudfoundry-incubator/garden/client/container.go:24.45,26.2 1 5
github.com/cloudfoundry-incubator/garden/client/container.go:28.51,30.2 1 2
github.com/cloudfoundry-incubator/garden/client/container.go:32.66,34.2 1 2
github.com/cloudfoundry-incubator/garden/client/container.go:36.78,38.2 1 2
github.com/cloudfoundry-incubator/garden/client/container.go:40.78,42.2 1 2
github.com/cloudfoundry-incubator/garden/client/container.go:44.81,46.16 2 2
github.com/cloudfoundry-incubator/garden/client/container.go:50.2,50.12 1 1
github.com/cloudfoundry-incubator/garden/client/container.go:46.16,48.3 1 1
github.com/cloudfoundry-incubator/garden/client/container.go:53.86,55.2 1 2
github.com/cloudfoundry-incubator/garden/client/container.go:57.69,59.16 2 2
github.com/cloudfoundry-incubator/garden/client/container.go:63.2,63.12 1 1
github.com/cloudfoundry-incubator/garden/client/container.go:59.16,61.3 1 1
github.com/cloudfoundry-incubator/garden/client/container.go:66.74,68.2 1 2
github.com/cloudfoundry-incubator/garden/client/container.go:70.71,72.16 2 2
github.com/cloudfoundry-incubator/garden/client/container.go:76.2,76.12 1 1
github.com/cloudfoundry-incubator/garden/client/container.go:72.16,74.3 1 1
github.com/cloudfoundry-incubator/garden/client/container.go:79.76,81.2 1 2
github.com/cloudfoundry-incubator/garden/client/container.go:83.75,85.16 2 2
github.com/cloudfoundry-incubator/garden/client/container.go:89.2,89.12 1 1
github.com/cloudfoundry-incubator/garden/client/container.go:85.16,87.3 1 1
github.com/cloudfoundry-incubator/garden/client/container.go:92.80,94.2 1 2
github.com/cloudfoundry-incubator/garden/client/container.go:96.103,98.16 2 1
github.com/cloudfoundry-incubator/garden/client/container.go:102.2,106.28 3 1
github.com/cloudfoundry-incubator/garden/client/container.go:98.16,100.3 1 0
github.com/cloudfoundry-incubator/garden/client/container.go:109.91,111.16 2 1
github.com/cloudfoundry-incubator/garden/client/container.go:115.2,119.23 3 1
github.com/cloudfoundry-incubator/garden/client/container.go:111.16,113.3 1 0
github.com/cloudfoundry-incubator/garden/client/container.go:122.91,124.2 1 2
github.com/cloudfoundry-incubator/garden/client/container.go:126.71,128.2 1 2
github.com/cloudfoundry-incubator/garden/client/container.go:130.109,131.24 1 2
github.com/cloudfoundry-incubator/garden/client/container.go:135.2,135.12 1 2
github.com/cloudfoundry-incubator/garden/client/container.go:131.24,133.3 1 6
